#
# A fatal error has been detected by the Java Runtime Environment:
#
#  EXCEPTION_ACCESS_VIOLATION (0xc0000005) at pc=0x0000000000000001, pid=6796, tid=0x0000000000001ea8
#
# JRE version: Java(TM) SE Runtime Environment (8.0_251-b08) (build 1.8.0_251-b08)
# Java VM: Java HotSpot(TM) 64-Bit Server VM (25.251-b08 mixed mode windows-amd64 compressed oops)
# Problematic frame:
# C  0x0000000000000001
#
# Failed to write core dump. Minidumps are not enabled by default on client versions of Windows
#
# If you would like to submit a bug report, please visit:
#   http://bugreport.java.com/bugreport/crash.jsp
#

---------------  T H R E A D  ---------------

Current thread (0x000001fe87e7e000):  JavaThread "main" [_thread_in_Java, id=7848, stack(0x00000092fb200000,0x00000092fb3f0000)]

siginfo: ExceptionCode=0xc0000005, ExceptionInformation=0x0000000000000008 0x0000000000000001

Registers:
RAX=0x0000000100062860, RBX=0x000000010000000c, RCX=0x00000000d8559c90, RDX=0x0000000000000000
RSP=0x00000092fb3eeb18, RBP=0x00000092fb3eeb68, RSI=0x0000000000000002, RDI=0x000001fe8842837d
R8 =0x0000000000000004, R9 =0x000001fe87e78150, R10=0x00000000511ac910, R11=0x000001fe88378b40
R12=0x0000000000000000, R13=0x00000092fb3eeb20, R14=0x0000000000000000, R15=0x000001fe87e7e000
RIP=0x0000000000000001, EFLAGS=0x0000000000010246

Top of Stack: (sp=0x00000092fb3eeb18)
0x00000092fb3eeb18:   000001fe88428100 00000000d8559c90
0x00000092fb3eeb28:   00000092fb3eeb28 000001fe9c1b2a82
0x00000092fb3eeb38:   00000092fb3eebe0 000001fe9c1b31b0
0x00000092fb3eeb48:   0000000000000000 000001fe9c1b2c50
0x00000092fb3eeb58:   00000092fb3eeb20 00000092fb3eebd0
0x00000092fb3eeb68:   00000092fb3eecc0 000001fe884208f0
0x00000092fb3eeb78:   0000000000000000 0000000000000000
0x00000092fb3eeb88:   00000000d890b458 0000000000000004
0x00000092fb3eeb98:   0000000000000004 00000000d890b540
0x00000092fb3eeba8:   0000000000000000 0000000000000000
0x00000092fb3eebb8:   0000000000000000 00000000d8952840
0x00000092fb3eebc8:   00000000d890bae0 00000000d890b458
0x00000092fb3eebd8:   00000000d8559c90 00000000d890b3e0
0x00000092fb3eebe8:   cafebabecafebabe cafebabecafebabe
0x00000092fb3eebf8:   0000000000000000 0000000000000000
0x00000092fb3eec08:   0000000000000000 0000000000000000 

Instructions: (pc=0x0000000000000001)
0xffffffffffffffe1:   


Register to memory mapping:

RAX=0x0000000100062860 is pointing into metadata
RBX=0x000000010000000c is pointing into metadata
RCX=0x00000000d8559c90 is an oop
com.sun.proxy.$Proxy0 
 - klass: 'com/sun/proxy/$Proxy0'
RDX=0x0000000000000000 is an unknown value
RSP=0x00000092fb3eeb18 is pointing into the stack for thread: 0x000001fe87e7e000
RBP=0x00000092fb3eeb68 is pointing into the stack for thread: 0x000001fe87e7e000
RSI=0x0000000000000002 is an unknown value
RDI=0x000001fe8842837d is at code_begin+2301 in an Interpreter codelet
invoke return entry points  [0x000001fe88427a80, 0x000001fe88428460]  2528 bytes
R8 =0x0000000000000004 is an unknown value
R9 =0x000001fe87e78150 is an unknown value
R10=0x00000000511ac910 is an unknown value
R11=0x000001fe88378b40 is an unknown value
R12=0x0000000000000000 is an unknown value
R13=0x00000092fb3eeb20 is pointing into the stack for thread: 0x000001fe87e7e000
R14=0x0000000000000000 is an unknown value
R15=0x000001fe87e7e000 is a thread


Stack: [0x00000092fb200000,0x00000092fb3f0000],  sp=0x00000092fb3eeb18,  free space=1978k
Native frames: (J=compiled Java code, j=interpreted, Vv=VM code, C=native code)
C  0x0000000000000001


---------------  P R O C E S S  ---------------

Java Threads: ( => current thread )
  0x000001fe9d7ea800 JavaThread "Service Thread" daemon [_thread_blocked, id=9504, stack(0x00000092fd100000,0x00000092fd2f0000)]
  0x000001fe9c764000 JavaThread "C1 CompilerThread2" daemon [_thread_blocked, id=10196, stack(0x00000092fcf10000,0x00000092fd100000)]
  0x000001fe9c75c800 JavaThread "C2 CompilerThread1" daemon [_thread_blocked, id=4268, stack(0x00000092fcd20000,0x00000092fcf10000)]
  0x000001fe9c75a000 JavaThread "C2 CompilerThread0" daemon [_thread_blocked, id=12200, stack(0x00000092fcb30000,0x00000092fcd20000)]
  0x000001fe9c758000 JavaThread "Attach Listener" daemon [_thread_blocked, id=13132, stack(0x00000092fc940000,0x00000092fcb30000)]
  0x000001fe9c757000 JavaThread "Signal Dispatcher" daemon [_thread_blocked, id=8660, stack(0x00000092fc750000,0x00000092fc940000)]
  0x000001fe8840c800 JavaThread "Finalizer" daemon [_thread_blocked, id=14132, stack(0x00000092fc560000,0x00000092fc750000)]
  0x000001fe88403800 JavaThread "Reference Handler" daemon [_thread_blocked, id=9180, stack(0x00000092fc370000,0x00000092fc560000)]
=>0x000001fe87e7e000 JavaThread "main" [_thread_in_Java, id=7848, stack(0x00000092fb200000,0x00000092fb3f0000)]

Other Threads:
  0x000001fe9c717000 VMThread [stack: 0x00000092fc180000,0x00000092fc370000] [id=11404]
  0x000001fe9d810000 WatcherThread [stack: 0x00000092fd2f0000,0x00000092fd4e0000] [id=8240]

VM state:not at safepoint (normal execution)

VM Mutex/Monitor currently owned by a thread: None

heap address: 0x0000000088c00000, size: 1908 MB, Compressed Oops mode: 32-bit
Narrow klass base: 0x0000000000000000, Narrow klass shift: 3
Compressed class space size: 1073741824 Address: 0x0000000100000000

Heap:
 PSYoungGen      total 35840K, used 5568K [0x00000000d8400000, 0x00000000dac00000, 0x0000000100000000)
  eden space 30720K, 18% used [0x00000000d8400000,0x00000000d8970320,0x00000000da200000)
  from space 5120K, 0% used [0x00000000da700000,0x00000000da700000,0x00000000dac00000)
  to   space 5120K, 0% used [0x00000000da200000,0x00000000da200000,0x00000000da700000)
 ParOldGen       total 81920K, used 0K [0x0000000088c00000, 0x000000008dc00000, 0x00000000d8400000)
  object space 81920K, 0% used [0x0000000088c00000,0x0000000088c00000,0x000000008dc00000)
 Metaspace       used 3666K, capacity 4716K, committed 4864K, reserved 1056768K
  class space    used 410K, capacity 468K, committed 512K, reserved 1048576K

Card table byte_map: [0x000001fe977e0000,0x000001fe97ba0000] byte_map_base: 0x000001fe9739a000

Marking Bits: (ParMarkBitMap*) 0x00000000511caf90
 Begin Bits: [0x000001fe97e20000, 0x000001fe99bf0000)
 End Bits:   [0x000001fe99bf0000, 0x000001fe9b9c0000)

Polling page: 0x000001fe87e60000

CodeCache: size=245760Kb used=1553Kb max_used=1553Kb free=244206Kb
 bounds [0x000001fe88420000, 0x000001fe88690000, 0x000001fe97420000]
 total_blobs=456 nmethods=203 adapters=166
 compilation: enabled

Compilation events (10 events):
Event: 3.550 Thread 0x000001fe9c764000  195       3       java.util.concurrent.ConcurrentHashMap$Node::<init> (26 bytes)
Event: 3.550 Thread 0x000001fe9c764000 nmethod 195 0x000001fe885a2d50 code [0x000001fe885a2ea0, 0x000001fe885a3098]
Event: 3.550 Thread 0x000001fe9c764000  200       3       java.util.HashMap::afterNodeInsertion (1 bytes)
Event: 3.550 Thread 0x000001fe9c764000 nmethod 200 0x000001fe885a3150 code [0x000001fe885a32a0, 0x000001fe885a33f8]
Event: 3.551 Thread 0x000001fe9c764000  201       3       java.lang.String::replace (127 bytes)
Event: 3.551 Thread 0x000001fe9c764000 nmethod 201 0x000001fe885a3490 code [0x000001fe885a3640, 0x000001fe885a3cf8]
Event: 3.552 Thread 0x000001fe9c764000  202       3       java.lang.String::<init> (82 bytes)
Event: 3.552 Thread 0x000001fe9c764000 nmethod 202 0x000001fe885a4090 code [0x000001fe885a4260, 0x000001fe885a4760]
Event: 3.552 Thread 0x000001fe9c764000  203       1       java.net.URL::getFile (5 bytes)
Event: 3.552 Thread 0x000001fe9c764000 nmethod 203 0x000001fe885a49d0 code [0x000001fe885a4b20, 0x000001fe885a4c38]

GC Heap History (0 events):
No events

Deoptimization events (2 events):
Event: 3.545 Thread 0x000001fe87e7e000 Uncommon trap: reason=unstable_if action=reinterpret pc=0x000001fe8857681c method=java.lang.String.substring(II)Ljava/lang/String; @ 58
Event: 3.548 Thread 0x000001fe87e7e000 Uncommon trap: reason=unstable_if action=reinterpret pc=0x000001fe885727b8 method=java.lang.String.<init>([CII)V @ 18

Classes redefined (0 events):
No events

Internal exceptions (6 events):
Event: 0.030 Thread 0x000001fe87e7e000 Exception <a 'java/lang/NoSuchMethodError': Method sun.misc.Unsafe.defineClass(Ljava/lang/String;[BII)Ljava/lang/Class; name or signature does not match> (0x00000000d8407cc0) thrown at [C:\jenkins\workspace\8-2-build-windows-amd64-cygwin\jdk8u251\737\hots
Event: 0.030 Thread 0x000001fe87e7e000 Exception <a 'java/lang/NoSuchMethodError': Method sun.misc.Unsafe.prefetchRead(Ljava/lang/Object;J)V name or signature does not match> (0x00000000d8407fa8) thrown at [C:\jenkins\workspace\8-2-build-windows-amd64-cygwin\jdk8u251\737\hotspot\src\share\vm\p
Event: 3.542 Thread 0x000001fe87e7e000 Exception <a 'java/security/PrivilegedActionException'> (0x00000000d8928848) thrown at [C:\jenkins\workspace\8-2-build-windows-amd64-cygwin\jdk8u251\737\hotspot\src\share\vm\prims\jvm.cpp, line 1502]
Event: 3.542 Thread 0x000001fe87e7e000 Exception <a 'java/security/PrivilegedActionException'> (0x00000000d8928a58) thrown at [C:\jenkins\workspace\8-2-build-windows-amd64-cygwin\jdk8u251\737\hotspot\src\share\vm\prims\jvm.cpp, line 1502]
Event: 3.542 Thread 0x000001fe87e7e000 Exception <a 'java/security/PrivilegedActionException'> (0x00000000d892cb50) thrown at [C:\jenkins\workspace\8-2-build-windows-amd64-cygwin\jdk8u251\737\hotspot\src\share\vm\prims\jvm.cpp, line 1502]
Event: 3.542 Thread 0x000001fe87e7e000 Exception <a 'java/security/PrivilegedActionException'> (0x00000000d892cd60) thrown at [C:\jenkins\workspace\8-2-build-windows-amd64-cygwin\jdk8u251\737\hotspot\src\share\vm\prims\jvm.cpp, line 1502]

Events (10 events):
Event: 3.551 loading class sun/util/resources/OpenListResourceBundle
Event: 3.551 loading class sun/util/resources/OpenListResourceBundle done
Event: 3.551 loading class sun/util/resources/LocaleNamesBundle done
Event: 3.551 loading class sun/util/resources/CurrencyNames done
Event: 3.551 loading class sun/util/resources/es/CurrencyNames_es
Event: 3.551 loading class sun/util/resources/es/CurrencyNames_es done
Event: 3.552 loading class sun/util/resources/es/CurrencyNames_es_MX
Event: 3.552 loading class sun/util/resources/es/CurrencyNames_es_MX done
Event: 3.552 loading class java/util/HashMap$KeySet
Event: 3.552 loading class java/util/HashMap$KeySet done


Dynamic libraries:
0x00007ff622090000 - 0x00007ff6220ab000 	C:\Users\A01751171\AppData\Local\Programs\Python\Python38\python.exe
0x00007ffb71bc0000 - 0x00007ffb71db0000 	C:\Windows\SYSTEM32\ntdll.dll
0x00007ffb703e0000 - 0x00007ffb70492000 	C:\Windows\System32\KERNEL32.DLL
0x00007ffb6ebf0000 - 0x00007ffb6ee94000 	C:\Windows\System32\KERNELBASE.dll
0x00007ffb6fa20000 - 0x00007ffb6fb1a000 	C:\Windows\System32\ucrtbase.dll
0x00007ffb5eac0000 - 0x00007ffb5ead6000 	C:\Users\A01751171\AppData\Local\Programs\Python\Python38\VCRUNTIME140.dll
0x00007ffb2ed40000 - 0x00007ffb2f16c000 	C:\Users\A01751171\AppData\Local\Programs\Python\Python38\python38.dll
0x00007ffb709d0000 - 0x00007ffb70a22000 	C:\Windows\System32\SHLWAPI.dll
0x00007ffb70580000 - 0x00007ffb7061e000 	C:\Windows\System32\msvcrt.dll
0x00007ffb628d0000 - 0x00007ffb628da000 	C:\Windows\SYSTEM32\VERSION.dll
0x00007ffb71840000 - 0x00007ffb71b76000 	C:\Windows\System32\combase.dll
0x00007ffb71250000 - 0x00007ffb71370000 	C:\Windows\System32\RPCRT4.dll
0x00007ffb6fb20000 - 0x00007ffb6fba0000 	C:\Windows\System32\bcryptPrimitives.dll
0x00007ffb70550000 - 0x00007ffb70576000 	C:\Windows\System32\GDI32.dll
0x00007ffb6f9f0000 - 0x00007ffb6fa11000 	C:\Windows\System32\win32u.dll
0x00007ffb6eea0000 - 0x00007ffb6f034000 	C:\Windows\System32\gdi32full.dll
0x00007ffb6eb50000 - 0x00007ffb6ebee000 	C:\Windows\System32\msvcp_win.dll
0x00007ffb71640000 - 0x00007ffb717d4000 	C:\Windows\System32\USER32.dll
0x00007ffb71180000 - 0x00007ffb711ef000 	C:\Windows\System32\WS2_32.dll
0x00007ffb704a0000 - 0x00007ffb70543000 	C:\Windows\System32\ADVAPI32.dll
0x00007ffb70a30000 - 0x00007ffb70ac7000 	C:\Windows\System32\sechost.dll
0x00007ffb706a0000 - 0x00007ffb706ce000 	C:\Windows\System32\IMM32.DLL
0x00007ffb6fba0000 - 0x00007ffb6fbb7000 	C:\Windows\System32\CRYPTSP.dll
0x00007ffb6db90000 - 0x00007ffb6dbc3000 	C:\Windows\system32\rsaenh.dll
0x00007ffb6f040000 - 0x00007ffb6f066000 	C:\Windows\System32\bcrypt.dll
0x00007ffb6e460000 - 0x00007ffb6e46c000 	C:\Windows\SYSTEM32\CRYPTBASE.dll
0x00007ffb57860000 - 0x00007ffb57876000 	C:\Users\A01751171\AppData\Local\Programs\Python\Python38\DLLs\_socket.pyd
0x00007ffb6dfa0000 - 0x00007ffb6dfda000 	C:\Windows\SYSTEM32\IPHLPAPI.DLL
0x00007ffb693d0000 - 0x00007ffb693d9000 	C:\Users\A01751171\AppData\Local\Programs\Python\Python38\DLLs\select.pyd
0x00007ffb3af00000 - 0x00007ffb3af77000 	D:\Tec\Terashima\AA_FinalProject\NN\venv\lib\site-packages\jnius\jnius.cp38-win_amd64.pyd
0x00000000509a0000 - 0x000000005124b000 	C:\Program Files\Java\jdk1.8.0_251\jre\bin\server\jvm.dll
0x00007ffb706d0000 - 0x00007ffb706d8000 	C:\Windows\System32\PSAPI.DLL
0x00007ffb5fe60000 - 0x00007ffb5fe69000 	C:\Windows\SYSTEM32\WSOCK32.dll
0x00007ffb6c320000 - 0x00007ffb6c344000 	C:\Windows\SYSTEM32\WINMM.dll
0x00000000507e0000 - 0x00000000508b2000 	C:\Windows\SYSTEM32\MSVCR100.dll
0x00007ffb6c2f0000 - 0x00007ffb6c31d000 	C:\Windows\SYSTEM32\winmmbase.dll
0x00007ffb6fbc0000 - 0x00007ffb6fc0a000 	C:\Windows\System32\cfgmgr32.dll
0x00007ffb59610000 - 0x00007ffb59627000 	C:\Users\A01751171\AppData\Local\Programs\Python\Python38\DLLs\_bz2.pyd
0x00007ffb57880000 - 0x00007ffb578c0000 	C:\Users\A01751171\AppData\Local\Programs\Python\Python38\DLLs\_lzma.pyd
0x00007ffb55dd0000 - 0x00007ffb55e01000 	C:\Users\A01751171\AppData\Local\Programs\Python\Python38\DLLs\pyexpat.pyd
0x00007ffb57600000 - 0x00007ffb57620000 	C:\Users\A01751171\AppData\Local\Programs\Python\Python38\DLLs\_ctypes.pyd
0x00007ffb70ad0000 - 0x00007ffb70c27000 	C:\Windows\System32\ole32.dll
0x00007ffb69340000 - 0x00007ffb6934b000 	C:\Users\A01751171\AppData\Local\Programs\Python\Python38\DLLs\libffi-7.dll
0x00007ffb710b0000 - 0x00007ffb71174000 	C:\Windows\System32\OLEAUT32.dll
0x00007ffb6b240000 - 0x00007ffb6b24f000 	C:\Program Files\Java\jdk1.8.0_251\jre\bin\verify.dll
0x00007ffb59380000 - 0x00007ffb593a9000 	C:\Program Files\Java\jdk1.8.0_251\jre\bin\java.dll
0x00007ffb6a010000 - 0x00007ffb6a026000 	C:\Program Files\Java\jdk1.8.0_251\jre\bin\zip.dll
0x00007ffb6fc70000 - 0x00007ffb70354000 	C:\Windows\System32\SHELL32.dll
0x00007ffb71370000 - 0x00007ffb71419000 	C:\Windows\System32\shcore.dll
0x00007ffb6f070000 - 0x00007ffb6f7ee000 	C:\Windows\System32\windows.storage.dll
0x00007ffb6eb00000 - 0x00007ffb6eb23000 	C:\Windows\System32\profapi.dll
0x00007ffb6eab0000 - 0x00007ffb6eafa000 	C:\Windows\System32\powrprof.dll
0x00007ffb6ea80000 - 0x00007ffb6ea90000 	C:\Windows\System32\UMPDC.dll
0x00007ffb6ea90000 - 0x00007ffb6eaa1000 	C:\Windows\System32\kernel.appcore.dll
0x000000006f7c0000 - 0x0000000071448000 	D:\Tec\Terashima\AA_FinalProject\NN\venv\lib\site-packages\numpy\.libs\libopenblas.PYQHXLVVQ7VESDPUVUADXEVJOBGHJPAY.gfortran-win_amd64.dll
0x00007ffb21650000 - 0x00007ffb2192f000 	D:\Tec\Terashima\AA_FinalProject\NN\venv\lib\site-packages\numpy\core\_multiarray_umath.cp38-win_amd64.pyd
0x00007ffb55e40000 - 0x00007ffb55e62000 	D:\Tec\Terashima\AA_FinalProject\NN\venv\lib\site-packages\numpy\core\_multiarray_tests.cp38-win_amd64.pyd
0x00007ffb6a0d0000 - 0x00007ffb6a0dc000 	D:\Tec\Terashima\AA_FinalProject\NN\venv\lib\site-packages\numpy\linalg\lapack_lite.cp38-win_amd64.pyd
0x00007ffb55c00000 - 0x00007ffb55c26000 	D:\Tec\Terashima\AA_FinalProject\NN\venv\lib\site-packages\numpy\linalg\_umath_linalg.cp38-win_amd64.pyd
0x00007ffb3aeb0000 - 0x00007ffb3aef3000 	C:\Users\A01751171\AppData\Local\Programs\Python\Python38\DLLs\_decimal.pyd
0x00007ffb55b50000 - 0x00007ffb55b70000 	D:\Tec\Terashima\AA_FinalProject\NN\venv\lib\site-packages\numpy\fft\_pocketfft_internal.cp38-win_amd64.pyd
0x00007ffb3a660000 - 0x00007ffb3a6f7000 	D:\Tec\Terashima\AA_FinalProject\NN\venv\lib\site-packages\numpy\random\mtrand.cp38-win_amd64.pyd
0x00007ffb3a630000 - 0x00007ffb3a65f000 	D:\Tec\Terashima\AA_FinalProject\NN\venv\lib\site-packages\numpy\random\_bit_generator.cp38-win_amd64.pyd
0x00007ffb3a5f0000 - 0x00007ffb3a626000 	D:\Tec\Terashima\AA_FinalProject\NN\venv\lib\site-packages\numpy\random\_common.cp38-win_amd64.pyd
0x00007ffb69cb0000 - 0x00007ffb69cbd000 	C:\Users\A01751171\AppData\Local\Programs\Python\Python38\DLLs\_hashlib.pyd
0x00007ffb2d050000 - 0x00007ffb2d392000 	C:\Users\A01751171\AppData\Local\Programs\Python\Python38\DLLs\libcrypto-1_1.dll
0x00007ffb3a590000 - 0x00007ffb3a5e7000 	D:\Tec\Terashima\AA_FinalProject\NN\venv\lib\site-packages\numpy\random\_bounded_integers.cp38-win_amd64.pyd
0x00007ffb55b30000 - 0x00007ffb55b4f000 	D:\Tec\Terashima\AA_FinalProject\NN\venv\lib\site-packages\numpy\random\_mt19937.cp38-win_amd64.pyd
0x00007ffb53720000 - 0x00007ffb53739000 	D:\Tec\Terashima\AA_FinalProject\NN\venv\lib\site-packages\numpy\random\_philox.cp38-win_amd64.pyd
0x00007ffb52650000 - 0x00007ffb52667000 	D:\Tec\Terashima\AA_FinalProject\NN\venv\lib\site-packages\numpy\random\_pcg64.cp38-win_amd64.pyd
0x00007ffb3ab20000 - 0x00007ffb3ab34000 	D:\Tec\Terashima\AA_FinalProject\NN\venv\lib\site-packages\numpy\random\_sfc64.cp38-win_amd64.pyd
0x00007ffb39fd0000 - 0x00007ffb3a07e000 	D:\Tec\Terashima\AA_FinalProject\NN\venv\lib\site-packages\numpy\random\_generator.cp38-win_amd64.pyd
0x00007ffb327f0000 - 0x00007ffb32881000 	C:\Windows\SYSTEM32\msvcp140.dll
0x00007ffb5c310000 - 0x00007ffb5c31c000 	C:\Windows\SYSTEM32\VCRUNTIME140_1.dll
0x00007ffb5b640000 - 0x00007ffb5b649000 	C:\Windows\SYSTEM32\msvcp140_1.dll
0x00007ffac0a90000 - 0x00007ffb0f5e7000 	D:\Tec\Terashima\AA_FinalProject\NN\venv\lib\site-packages\tensorflow\python\_pywrap_tensorflow_internal.pyd
0x00007ffb611c0000 - 0x00007ffb613b4000 	C:\Windows\SYSTEM32\dbghelp.dll
0x00007ffb389b0000 - 0x00007ffb389dc000 	D:\Tec\Terashima\AA_FinalProject\NN\venv\lib\site-packages\tensorflow\python\_tf_stack.pyd
0x00007ffac0490000 - 0x00007ffac0a85000 	D:\Tec\Terashima\AA_FinalProject\NN\venv\lib\site-packages\tensorflow\python\_pywrap_tfe.pyd
0x00007ffabfef0000 - 0x00007ffac0487000 	D:\Tec\Terashima\AA_FinalProject\NN\venv\lib\site-packages\tensorflow\python\_pywrap_tf_session.pyd
0x00007ffabfbf0000 - 0x00007ffabfee7000 	D:\Tec\Terashima\AA_FinalProject\NN\venv\lib\site-packages\tensorflow\python\_pywrap_py_exception_registry.pyd
0x00007ffb38990000 - 0x00007ffb389ad000 	D:\Tec\Terashima\AA_FinalProject\NN\venv\lib\site-packages\tensorflow\python\_pywrap_utils.pyd
0x00007ffb38970000 - 0x00007ffb38987000 	D:\Tec\Terashima\AA_FinalProject\NN\venv\lib\site-packages\tensorflow\python\_pywrap_bfloat16.pyd
0x00007ffabf950000 - 0x00007ffabfbe6000 	D:\Tec\Terashima\AA_FinalProject\NN\venv\lib\site-packages\tensorflow\python\_dtypes.pyd
0x00007ffabf620000 - 0x00007ffabf949000 	D:\Tec\Terashima\AA_FinalProject\NN\venv\lib\site-packages\tensorflow\python\_op_def_registry.pyd
0x00007ffabf390000 - 0x00007ffabf620000 	D:\Tec\Terashima\AA_FinalProject\NN\venv\lib\site-packages\tensorflow\python\_pywrap_python_op_gen.pyd
0x00007ffabf050000 - 0x00007ffabf388000 	D:\Tec\Terashima\AA_FinalProject\NN\venv\lib\site-packages\tensorflow\python\_pywrap_file_io.pyd
0x00007ffb38950000 - 0x00007ffb38968000 	D:\Tec\Terashima\AA_FinalProject\NN\venv\lib\site-packages\tensorflow\python\_pywrap_py_func.pyd
0x00007ffb69390000 - 0x00007ffb69399000 	C:\Users\A01751171\AppData\Local\Programs\Python\Python38\DLLs\_queue.pyd
0x00007ffabed20000 - 0x00007ffabf04e000 	D:\Tec\Terashima\AA_FinalProject\NN\venv\lib\site-packages\tensorflow\python\_pywrap_events_writer.pyd
0x00007ffabe660000 - 0x00007ffabed15000 	D:\Tec\Terashima\AA_FinalProject\NN\venv\lib\site-packages\tensorflow\python\profiler\internal\_pywrap_profiler.pyd
0x00007ffabe310000 - 0x00007ffabe651000 	D:\Tec\Terashima\AA_FinalProject\NN\venv\lib\site-packages\tensorflow\python\_pywrap_record_io.pyd
0x00007ffabdf80000 - 0x00007ffabe30c000 	D:\Tec\Terashima\AA_FinalProject\NN\venv\lib\site-packages\tensorflow\python\_pywrap_checkpoint_reader.pyd
0x00007ffb388e0000 - 0x00007ffb38900000 	C:\Users\A01751171\AppData\Local\Programs\Python\Python38\DLLs\_ssl.pyd
0x00007ffb6f7f0000 - 0x00007ffb6f939000 	C:\Windows\System32\CRYPT32.dll
0x00007ffb6eb30000 - 0x00007ffb6eb42000 	C:\Windows\System32\MSASN1.dll
0x00007ffb32430000 - 0x00007ffb324db000 	C:\Users\A01751171\AppData\Local\Programs\Python\Python38\DLLs\libssl-1_1.dll
0x00007ffb383a0000 - 0x00007ffb383b2000 	C:\Users\A01751171\AppData\Local\Programs\Python\Python38\DLLs\_asyncio.pyd
0x00007ffb59650000 - 0x00007ffb5965d000 	C:\Users\A01751171\AppData\Local\Programs\Python\Python38\DLLs\_overlapped.pyd
0x00007ffb6e290000 - 0x00007ffb6e2f7000 	C:\Windows\system32\mswsock.dll
0x00007ffabdc50000 - 0x00007ffabdf79000 	D:\Tec\Terashima\AA_FinalProject\NN\venv\lib\site-packages\tensorflow\python\_pywrap_device_lib.pyd
0x00007ffb69ff0000 - 0x00007ffb6a001000 	D:\Tec\Terashima\AA_FinalProject\NN\venv\lib\site-packages\h5py\_errors.cp38-win_amd64.pyd
0x00007ffb291b0000 - 0x00007ffb294a7000 	D:\Tec\Terashima\AA_FinalProject\NN\venv\lib\site-packages\h5py\hdf5.dll
0x00007ffb64a10000 - 0x00007ffb64a2b000 	D:\Tec\Terashima\AA_FinalProject\NN\venv\lib\site-packages\h5py\h5.cp38-win_amd64.pyd
0x00007ffb649e0000 - 0x00007ffb64a10000 	D:\Tec\Terashima\AA_FinalProject\NN\venv\lib\site-packages\h5py\defs.cp38-win_amd64.pyd
0x00007ffb60a40000 - 0x00007ffb60a62000 	D:\Tec\Terashima\AA_FinalProject\NN\venv\lib\site-packages\h5py\hdf5_hl.dll
0x00007ffb60a20000 - 0x00007ffb60a40000 	D:\Tec\Terashima\AA_FinalProject\NN\venv\lib\site-packages\h5py\_objects.cp38-win_amd64.pyd
0x00007ffb3a570000 - 0x00007ffb3a585000 	D:\Tec\Terashima\AA_FinalProject\NN\venv\lib\site-packages\h5py\_conv.cp38-win_amd64.pyd
0x00007ffb3a550000 - 0x00007ffb3a565000 	D:\Tec\Terashima\AA_FinalProject\NN\venv\lib\site-packages\h5py\h5r.cp38-win_amd64.pyd
0x00007ffb39e20000 - 0x00007ffb39e87000 	D:\Tec\Terashima\AA_FinalProject\NN\venv\lib\site-packages\h5py\h5t.cp38-win_amd64.pyd
0x00007ffb3a530000 - 0x00007ffb3a541000 	D:\Tec\Terashima\AA_FinalProject\NN\venv\lib\site-packages\h5py\utils.cp38-win_amd64.pyd
0x00007ffb69f90000 - 0x00007ffb69f9f000 	D:\Tec\Terashima\AA_FinalProject\NN\venv\lib\site-packages\h5py\h5z.cp38-win_amd64.pyd
0x00007ffb3a500000 - 0x00007ffb3a523000 	D:\Tec\Terashima\AA_FinalProject\NN\venv\lib\site-packages\h5py\h5a.cp38-win_amd64.pyd
0x00007ffb39e00000 - 0x00007ffb39e1d000 	D:\Tec\Terashima\AA_FinalProject\NN\venv\lib\site-packages\h5py\h5s.cp38-win_amd64.pyd
0x00007ffb39070000 - 0x00007ffb390c6000 	D:\Tec\Terashima\AA_FinalProject\NN\venv\lib\site-packages\h5py\h5p.cp38-win_amd64.pyd
0x00007ffb39c00000 - 0x00007ffb39c13000 	D:\Tec\Terashima\AA_FinalProject\NN\venv\lib\site-packages\h5py\h5ac.cp38-win_amd64.pyd
0x00007ffb69210000 - 0x00007ffb6921f000 	D:\Tec\Terashima\AA_FinalProject\NN\venv\lib\site-packages\h5py\_proxy.cp38-win_amd64.pyd
0x00007ffb39040000 - 0x00007ffb39061000 	D:\Tec\Terashima\AA_FinalProject\NN\venv\lib\site-packages\h5py\h5d.cp38-win_amd64.pyd
0x00007ffb39be0000 - 0x00007ffb39bf6000 	D:\Tec\Terashima\AA_FinalProject\NN\venv\lib\site-packages\h5py\h5ds.cp38-win_amd64.pyd
0x00007ffb39010000 - 0x00007ffb39032000 	D:\Tec\Terashima\AA_FinalProject\NN\venv\lib\site-packages\h5py\h5f.cp38-win_amd64.pyd
0x00007ffb38e80000 - 0x00007ffb38ea8000 	D:\Tec\Terashima\AA_FinalProject\NN\venv\lib\site-packages\h5py\h5g.cp38-win_amd64.pyd
0x00007ffb39720000 - 0x00007ffb39732000 	D:\Tec\Terashima\AA_FinalProject\NN\venv\lib\site-packages\h5py\h5i.cp38-win_amd64.pyd
0x00007ffb38ac0000 - 0x00007ffb38aed000 	D:\Tec\Terashima\AA_FinalProject\NN\venv\lib\site-packages\h5py\h5fd.cp38-win_amd64.pyd
0x00007ffb63ab0000 - 0x00007ffb63abe000 	D:\Tec\Terashima\AA_FinalProject\NN\venv\lib\site-packages\h5py\h5pl.cp38-win_amd64.pyd
0x00007ffb38e60000 - 0x00007ffb38e80000 	D:\Tec\Terashima\AA_FinalProject\NN\venv\lib\site-packages\h5py\h5o.cp38-win_amd64.pyd
0x00007ffb38aa0000 - 0x00007ffb38abc000 	D:\Tec\Terashima\AA_FinalProject\NN\venv\lib\site-packages\h5py\h5l.cp38-win_amd64.pyd
0x00007ffb30c50000 - 0x00007ffb30d5e000 	C:\Users\A01751171\AppData\Local\Programs\Python\Python38\DLLs\unicodedata.pyd
0x00007ffb594e0000 - 0x00007ffb594e9000 	C:\Users\A01751171\AppData\Local\Programs\Python\Python38\DLLs\_multiprocessing.pyd

VM Arguments:
java_command: <unknown>
java_class_path (initial): D:\Tec\Terashima\AA_FinalProject\NN\HERMES\HERMES.jar;D:\Tec\Terashima\AA_FinalProject\NN\venv\Lib\site-packages\jnius\src
Launcher Type: generic

Environment Variables:
JAVA_HOME=C:\Program Files\Java\jdk1.8.0_251
PATH=D:\Tec\Terashima\AA_FinalProject\NN\venv\Scripts;C:\Program Files (x86)\Common Files\Oracle\Java\javapath;C:\Windows\system32;C:\Windows;C:\Windows\System32\Wbem;C:\Windows\System32\WindowsPowerShell\v1.0\;C:\Windows\System32\OpenSSH\;C:\Program Files\Git\cmd;C:\Program Files\PuTTY\;C:\Program Files (x86)\Wolfram Research\WolframScript\;C:\Program Files\PostgreSQL\12\bin;C:\Program Files\Java\jdk1.8.0_251\jre\bin\server;C:\Program Files\Java\jre1.8.0_251\bin\server;C:\Program Files\Java\jdk1.8.0_251\bin;C:\Users\A01751171\AppData\Local\Programs\Python\Python38\Scripts\;C:\Users\A01751171\AppData\Local\Programs\Python\Python38\;C:\Users\A01751171\AppData\Local\Microsoft\WindowsApps;;C:\Users\A01751171\AppData\Local\Programs\Microsoft VS Code\bin;C:\Program Files\heroku\bin;C:\Program Files\JetBrains\PyCharm Community Edition 2019.3.4\bin;;D:\Tec\Terashima\AA_FinalProject\NN\venv\lib\site-packages\scipy\.libs
USERNAME=A01751171
OS=Windows_NT
PROCESSOR_IDENTIFIER=Intel64 Family 6 Model 58 Stepping 9, GenuineIntel



---------------  S Y S T E M  ---------------

OS: Windows 10.0 , 64 bit Build 18362 (10.0.18362.778)

CPU:total 4 (initial active 4) (2 cores per cpu, 2 threads per core) family 6 model 58 stepping 9, cmov, cx8, fxsr, mmx, sse, sse2, sse3, ssse3, sse4.1, sse4.2, popcnt, avx, aes, clmul, erms, ht, tsc, tscinvbit, tscinv

Memory: 4k page, physical 7812652k(1761328k free), swap 14030068k(2606084k free)

vm_info: Java HotSpot(TM) 64-Bit Server VM (25.251-b08) for windows-amd64 JRE (1.8.0_251-b08), built on Mar 12 2020 06:31:49 by "" with MS VC++ 10.0 (VS2010)

time: Fri May 22 01:16:30 2020
timezone: Hora de verano central (México)
elapsed time: 3 seconds (0d 0h 0m 3s)

